
[+] General Parameters:
LETOR 4.0 dataset: No
Training data:	../data/all/train1.mslr
Ranking method:	ListNet
Feature description file:	Unspecified. All features will be used.
Train metric:	ERR@10
Test metric:	ERR@10
Highest relevance label (to compute ERR): 4
Feature normalization: No
Model file: ../result/1/listnet.model

[+] ListNet's Parameters:
No. of epochs: 1500
Learning rate: 1.0E-5

Reading feature file [../data/all/train1.mslr]: 0... Reading feature file [../data/all/train1.mslr]: 0... Reading feature file [../data/all/train1.mslr]... [Done.]            
(1 ranked lists, 15710 entries read)
Initializing... [Done]
-----------------------------------------
Training starts...
--------------------------------------------------
#epoch  | C.E. Loss      | ERR@10-T  | ERR@10-V  | 
--------------------------------------------------
1       | 0.0            | -2.571051 | 
2       | 0.0            | -2.571050 | 
3       | 0.0            | -4.017262 | 
4       | 0.0            | -4.017262 | 
5       | 0.0            | -4.017262 | 
6       | 0.0            | -2.571059 | 
7       | 0.0            | -2.571059 | 
8       | 0.0            | -2.571059 | 
9       | 0.0            | -2.571058 | 
10      | 0.0            | -2.571058 | 
11      | 0.0            | -2.571058 | 
12      | 0.0            | -2.056854 | 
13      | 0.0            | -2.056854 | 
14      | 0.0            | -2.056854 | 
15      | 0.0            | -2.056854 | 
16      | 0.0            | -2.056854 | 
17      | 0.0            | -4.313558 | 
18      | 0.0            | -2.156779 | 
19      | 0.0            | -7.236979 | 
20      | 0.0            | -1.067990 | 
21      | 0.0            | -Infinity | 
22      | 0.0            | NaN       | 
23      | 0.0            | NaN       | 
24      | 0.0            | NaN       | 
25      | 0.0            | NaN       | 
26      | 0.0            | NaN       | 
27      | 0.0            | NaN       | 
28      | 0.0            | NaN       | 
29      | 0.0            | NaN       | 
30      | 0.0            | NaN       | 
31      | 0.0            | NaN       | 
32      | 0.0            | NaN       | 
33      | 0.0            | NaN       | 
34      | 0.0            | NaN       | 
35      | 0.0            | NaN       | 
36      | 0.0            | NaN       | 
37      | 0.0            | NaN       | 
38      | 0.0            | NaN       | 
39      | 0.0            | NaN       | 
40      | 0.0            | NaN       | 
41      | 0.0            | NaN       | 
42      | 0.0            | NaN       | 
43      | 0.0            | NaN       | 
44      | 0.0            | NaN       | 
45      | 0.0            | NaN       | 
46      | 0.0            | NaN       | 
47      | 0.0            | NaN       | 
48      | 0.0            | NaN       | 
49      | 0.0            | NaN       | 
50      | 0.0            | NaN       | 
51      | 0.0            | NaN       | 
52      | 0.0            | NaN       | 
53      | 0.0            | NaN       | 
54      | 0.0            | NaN       | 
55      | 0.0            | NaN       | 
56      | 0.0            | NaN       | 
57      | 0.0            | NaN       | 
58      | 0.0            | NaN       | 
59      | 0.0            | NaN       | 
60      | 0.0            | NaN       | 
61      | 0.0            | NaN       | 
62      | 0.0            | NaN       | 
63      | 0.0            | NaN       | 
64      | 0.0            | NaN       | 
65      | 0.0            | NaN       | 
66      | 0.0            | NaN       | 
67      | 0.0            | NaN       | 
68      | 0.0            | NaN       | 
69      | 0.0            | NaN       | 
70      | 0.0            | NaN       | 
71      | 0.0            | NaN       | 
72      | 0.0            | NaN       | 
73      | 0.0            | NaN       | 
74      | 0.0            | NaN       | 
75      | 0.0            | NaN       | 
76      | 0.0            | NaN       | 
77      | 0.0            | NaN       | 
78      | 0.0            | NaN       | 
79      | 0.0            | NaN       | 
80      | 0.0            | NaN       | 
81      | 0.0            | NaN       | 
82      | 0.0            | NaN       | 
83      | 0.0            | NaN       | 
84      | 0.0            | NaN       | 
85      | 0.0            | NaN       | 
86      | 0.0            | NaN       | 
87      | 0.0            | NaN       | 
88      | 0.0            | NaN       | 
89      | 0.0            | NaN       | 
90      | 0.0            | NaN       | 
91      | 0.0            | NaN       | 
92      | 0.0            | NaN       | 
93      | 0.0            | NaN       | 
94      | 0.0            | NaN       | 
95      | 0.0            | NaN       | 
96      | 0.0            | NaN       | 
97      | 0.0            | NaN       | 
98      | 0.0            | NaN       | 
99      | 0.0            | NaN       | 
100     | 0.0            | NaN       | 
101     | 0.0            | NaN       | 
102     | 0.0            | NaN       | 
103     | 0.0            | NaN       | 
104     | 0.0            | NaN       | 
105     | 0.0            | NaN       | 
106     | 0.0            | NaN       | 
107     | 0.0            | NaN       | 
108     | 0.0            | NaN       | 
109     | 0.0            | NaN       | 
110     | 0.0            | NaN       | 
111     | 0.0            | NaN       | 
112     | 0.0            | NaN       | 
113     | 0.0            | NaN       | 
114     | 0.0            | NaN       | 
115     | 0.0            | NaN       | 
116     | 0.0            | NaN       | 
117     | 0.0            | NaN       | 
118     | 0.0            | NaN       | 
119     | 0.0            | NaN       | 
120     | 0.0            | NaN       | 
121     | 0.0            | NaN       | 
122     | 0.0            | NaN       | 
123     | 0.0            | NaN       | 
124     | 0.0            | NaN       | 
125     | 0.0            | NaN       | 
126     | 0.0            | NaN       | 
127     | 0.0            | NaN       | 
128     | 0.0            | NaN       | 
129     | 0.0            | NaN       | 
130     | 0.0            | NaN       | 
131     | 0.0            | NaN       | 
132     | 0.0            | NaN       | 
133     | 0.0            | NaN       | 
134     | 0.0            | NaN       | 
135     | 0.0            | NaN       | 
136     | 0.0            | NaN       | 
137     | 0.0            | NaN       | 
138     | 0.0            | NaN       | 
139     | 0.0            | NaN       | 
140     | 0.0            | NaN       | 
141     | 0.0            | NaN       | 
142     | 0.0            | NaN       | 
143     | 0.0            | NaN       | 
144     | 0.0            | NaN       | 
145     | 0.0            | NaN       | 
146     | 0.0            | NaN       | 
147     | 0.0            | NaN       | 
148     | 0.0            | NaN       | 
149     | 0.0            | NaN       | 
150     | 0.0            | NaN       | 
151     | 0.0            | NaN       | 
152     | 0.0            | NaN       | 
153     | 0.0            | NaN       | 
154     | 0.0            | NaN       | 
155     | 0.0            | NaN       | 
156     | 0.0            | NaN       | 
157     | 0.0            | NaN       | 
158     | 0.0            | NaN       | 
159     | 0.0            | NaN       | 
160     | 0.0            | NaN       | 
161     | 0.0            | NaN       | 
162     | 0.0            | NaN       | 
163     | 0.0            | NaN       | 
164     | 0.0            | NaN       | 
165     | 0.0            | NaN       | 
166     | 0.0            | NaN       | 
167     | 0.0            | NaN       | 
168     | 0.0            | NaN       | 
169     | 0.0            | NaN       | 
170     | 0.0            | NaN       | 
171     | 0.0            | NaN       | 
172     | 0.0            | NaN       | 
173     | 0.0            | NaN       | 
174     | 0.0            | NaN       | 
175     | 0.0            | NaN       | 
176     | 0.0            | NaN       | 
177     | 0.0            | NaN       | 
178     | 0.0            | NaN       | 
179     | 0.0            | NaN       | 
180     | 0.0            | NaN       | 
181     | 0.0            | NaN       | 
182     | 0.0            | NaN       | 
183     | 0.0            | NaN       | 
184     | 0.0            | NaN       | 
185     | 0.0            | NaN       | 
186     | 0.0            | NaN       | 
187     | 0.0            | NaN       | 
188     | 0.0            | NaN       | 
189     | 0.0            | NaN       | 
190     | 0.0            | NaN       | 
191     | 0.0            | NaN       | 
192     | 0.0            | NaN       | 
193     | 0.0            | NaN       | 
194     | 0.0            | NaN       | 
195     | 0.0            | NaN       | 
196     | 0.0            | NaN       | 
197     | 0.0            | NaN       | 
198     | 0.0            | NaN       | 
199     | 0.0            | NaN       | 
200     | 0.0            | NaN       | 
201     | 0.0            | NaN       | 
202     | 0.0            | NaN       | 
203     | 0.0            | NaN       | 
204     | 0.0            | NaN       | 
205     | 0.0            | NaN       | 
206     | 0.0            | NaN       | 
207     | 0.0            | NaN       | 
208     | 0.0            | NaN       | 
209     | 0.0            | NaN       | 
210     | 0.0            | NaN       | 
211     | 0.0            | NaN       | 
212     | 0.0            | NaN       | 
213     | 0.0            | NaN       | 
214     | 0.0            | NaN       | 
215     | 0.0            | NaN       | 
216     | 0.0            | NaN       | 
217     | 0.0            | NaN       | 
218     | 0.0            | NaN       | 
219     | 0.0            | NaN       | 
220     | 0.0            | NaN       | 
221     | 0.0            | NaN       | 
222     | 0.0            | NaN       | 
223     | 0.0            | NaN       | 
224     | 0.0            | NaN       | 
225     | 0.0            | NaN       | 
226     | 0.0            | NaN       | 
227     | 0.0            | NaN       | 
228     | 0.0            | NaN       | 
229     | 0.0            | NaN       | 
230     | 0.0            | NaN       | 
231     | 0.0            | NaN       | 
232     | 0.0            | NaN       | 
233     | 0.0            | NaN       | 
234     | 0.0            | NaN       | 
235     | 0.0            | NaN       | 
236     | 0.0            | NaN       | 
237     | 0.0            | NaN       | 
238     | 0.0            | NaN       | 
239     | 0.0            | NaN       | 
240     | 0.0            | NaN       | 
241     | 0.0            | NaN       | 
242     | 0.0            | NaN       | 
243     | 0.0            | NaN       | 
244     | 0.0            | NaN       | 
245     | 0.0            | NaN       | 
246     | 0.0            | NaN       | 
247     | 0.0            | NaN       | 
248     | 0.0            | NaN       | 
249     | 0.0            | NaN       | 
250     | 0.0            | NaN       | 
251     | 0.0            | NaN       | 
252     | 0.0            | NaN       | 
253     | 0.0            | NaN       | 
254     | 0.0            | NaN       | 
255     | 0.0            | NaN       | 
256     | 0.0            | NaN       | 
257     | 0.0            | NaN       | 
258     | 0.0            | NaN       | 
259     | 0.0            | NaN       | 
260     | 0.0            | NaN       | 
261     | 0.0            | NaN       | 
262     | 0.0            | NaN       | 
263     | 0.0            | NaN       | 
264     | 0.0            | NaN       | 
265     | 0.0            | NaN       | 
266     | 0.0            | NaN       | 
267     | 0.0            | NaN       | 
268     | 0.0            | NaN       | 
269     | 0.0            | NaN       | 
270     | 0.0            | NaN       | 
271     | 0.0            | NaN       | 
272     | 0.0            | NaN       | 
273     | 0.0            | NaN       | 
274     | 0.0            | NaN       | 
275     | 0.0            | NaN       | 
276     | 0.0            | NaN       | 
277     | 0.0            | NaN       | 
278     | 0.0            | NaN       | 
279     | 0.0            | NaN       | 
280     | 0.0            | NaN       | 
281     | 0.0            | NaN       | 
282     | 0.0            | -Infinity | 
283     | 0.0            | -Infinity | 
284     | 0.0            | -Infinity | 
285     | 0.0            | -Infinity | 
286     | 0.0            | -Infinity | 
287     | 0.0            | -Infinity | 
288     | 0.0            | -Infinity | 
289     | 0.0            | -Infinity | 
290     | 0.0            | -Infinity | 
291     | 0.0            | -Infinity | 
292     | 0.0            | -Infinity | 
293     | 0.0            | -Infinity | 
294     | 0.0            | -Infinity | 
295     | 0.0            | -Infinity | 
296     | 0.0            | -Infinity | 
297     | 0.0            | -Infinity | 
298     | 0.0            | -Infinity | 
299     | 0.0            | -Infinity | 
300     | 0.0            | -Infinity | 
301     | 0.0            | -Infinity | 
302     | 0.0            | -Infinity | 
303     | 0.0            | -Infinity | 
304     | 0.0            | -Infinity | 
305     | 0.0            | -1.071508 | 
306     | 0.0            | -1.071508 | 
307     | 0.0            | -1.046395 | 
308     | 0.0            | -3.269984 | 
309     | 0.0            | -8.174961 | 
310     | 0.0            | -2.494800 | 
311     | 0.0            | -6.237000 | 
312     | 0.0            | -6.237000 | 
313     | 0.0            | -6.237000 | 
314     | 0.0            | -3.118500 | 
315     | 0.0            | -3.118500 | 
316     | 0.0            | -1.949062 | 
317     | 0.0            | -1.949062 | 
318     | 0.0            | -1.949062 | 
319     | 0.0            | -1.949062 | 
320     | 0.0            | -1.218164 | 
321     | 0.0            | -1.218164 | 
322     | 0.0            | -1.218164 | 
323     | 0.0            | -1.218164 | 
324     | 0.0            | -3.806763 | 
325     | 0.0            | -1.903381 | 
326     | 0.0            | -1.903381 | 
327     | 0.0            | -1.903381 | 
328     | 0.0            | -2.379227 | 
329     | 0.0            | -1.858771 | 
330     | 0.0            | -1.858771 | 
331     | 0.0            | -4.646927 | 
332     | 0.0            | -5.672519 | 
333     | 0.0            | -5.672519 | 
334     | 0.0            | -8.452712 | 
335     | 0.0            | -2.113178 | 
336     | 0.0            | -2.113178 | 
337     | 0.0            | -1.056589 | 
338     | 0.0            | -5.282945 | 
339     | 0.0            | -5.282945 | 
340     | 0.0            | -4.127301 | 
341     | 0.0            | -5.159126 | 
342     | 0.0            | -5.159126 | 
343     | 0.0            | -1.289781 | 
344     | 0.0            | -1.289781 | 
345     | 0.0            | -1.574440 | 
346     | 0.0            | -1.574440 | 
347     | 0.0            | -4.804810 | 
348     | 0.0            | -7.507516 | 
349     | 0.0            | -7.507516 | 
350     | 0.0            | -9.384396 | 
351     | 0.0            | -9.384396 | 
352     | 0.0            | -9.384396 | 
353     | 0.0            | -9.384396 | 
354     | 0.0            | -9.384396 | 
355     | 0.0            | -9.384396 | 
356     | 0.0            | -9.384396 | 
357     | 0.0            | -9.384396 | 
358     | 0.0            | -1.173049 | 
359     | 0.0            | -2.932623 | 
360     | 0.0            | -4.582224 | 
361     | 0.0            | -5.593535 | 
362     | 0.0            | -5.462437 | 
363     | 0.0            | -5.462437 | 
364     | 0.0            | -5.462437 | 
365     | 0.0            | -5.462437 | 
366     | 0.0            | -2.731218 | 
367     | 0.0            | -2.731218 | 
368     | 0.0            | -2.731218 | 
369     | 0.0            | -2.731218 | 
370     | 0.0            | -2.731218 | 
371     | 0.0            | -2.731218 | 
372     | 0.0            | -6.828046 | 
373     | 0.0            | -6.828046 | 
374     | 0.0            | -6.828046 | 
375     | 0.0            | -6.668014 | 
376     | 0.0            | -6.668014 | 
377     | 0.0            | -6.668014 | 
378     | 0.0            | -6.668014 | 
379     | 0.0            | -8.335018 | 
380     | 0.0            | -2.604693 | 
381     | 0.0            | -2.604693 | 
382     | 0.0            | -1.627933 | 
383     | 0.0            | -6.359114 | 
384     | 0.0            | -6.359114 | 
385     | 0.0            | -6.359114 | 
386     | 0.0            | -6.359114 | 
387     | 0.0            | -6.359114 | 
388     | 0.0            | -3.179557 | 
389     | 0.0            | -3.179557 | 
390     | 0.0            | -4.968057 | 
391     | 0.0            | -4.968057 | 
392     | 0.0            | -4.968057 | 
393     | 0.0            | -2.484028 | 
394     | 0.0            | -2.484028 | 
395     | 0.0            | -2.484028 | 
396     | 0.0            | -6.210072 | 
397     | 0.0            | -7.762590 | 
398     | 0.0            | -9.703238 | 
399     | 0.0            | -9.703238 | 
400     | 0.0            | -7.580654 | 
401     | 0.0            | -9.475818 | 
402     | 0.0            | -9.475818 | 
403     | 0.0            | -9.475818 | 
404     | 0.0            | -9.475818 | 
405     | 0.0            | -4.737909 | 
406     | 0.0            | -4.737909 | 
407     | 0.0            | -4.737909 | 
408     | 0.0            | -4.737909 | 
409     | 0.0            | -4.737909 | 
410     | 0.0            | -2.368954 | 
411     | 0.0            | -2.368954 | 
412     | 0.0            | -4.626864 | 
413     | 0.0            | -4.626864 | 
414     | 0.0            | -4.626864 | 
415     | 0.0            | -4.626864 | 
416     | 0.0            | -5.783580 | 
417     | 0.0            | -5.783580 | 
418     | 0.0            | -5.783580 | 
419     | 0.0            | -5.783580 | 
420     | 0.0            | -7.229475 | 
421     | 0.0            | -7.229475 | 
422     | 0.0            | -2.259211 | 
423     | 0.0            | -2.259211 | 
424     | 0.0            | -2.259211 | 
425     | 0.0            | -2.259211 | 
426     | 0.0            | -2.259211 | 
427     | 0.0            | -2.824013 | 
428     | 0.0            | -3.530017 | 
429     | 0.0            | -1.765008 | 
430     | 0.0            | -8.825043 | 
431     | 0.0            | -8.825043 | 
432     | 0.0            | -8.825043 | 
433     | 0.0            | -8.825043 | 
434     | 0.0            | -1.103130 | 
435     | 0.0            | -1.103130 | 
436     | 0.0            | -1.378913 | 
437     | 0.0            | -1.378913 | 
438     | 0.0            | -6.894565 | 
439     | 0.0            | -3.447282 | 
440     | 0.0            | -8.618206 | 
441     | 0.0            | -8.618206 | 
442     | 0.0            | -8.618206 | 
443     | 0.0            | -8.618206 | 
444     | 0.0            | -4.309103 | 
445     | 0.0            | -4.309103 | 
446     | 0.0            | -4.309103 | 
447     | 0.0            | -4.309103 | 
448     | 0.0            | -4.309103 | 
449     | 0.0            | -2.154551 | 
450     | 0.0            | -2.154551 | 
451     | 0.0            | -2.154551 | 
452     | 0.0            | -2.154551 | 
453     | 0.0            | -2.154551 | 
454     | 0.0            | -2.154551 | 
455     | 0.0            | -1.077275 | 
456     | 0.0            | -1.077275 | 
457     | 0.0            | -5.386379 | 
458     | 0.0            | -5.386379 | 
459     | 0.0            | -5.386379 | 
460     | 0.0            | -5.386379 | 
461     | 0.0            | -5.386379 | 
462     | 0.0            | -5.386379 | 
463     | 0.0            | -5.386379 | 
464     | 0.0            | -5.386379 | 
465     | 0.0            | -5.386379 | 
466     | 0.0            | -5.386379 | 
467     | 0.0            | -5.386379 | 
468     | 0.0            | -5.386379 | 
469     | 0.0            | -5.386379 | 
470     | 0.0            | -5.386379 | 
471     | 0.0            | -5.386379 | 
472     | 0.0            | -5.386379 | 
473     | 0.0            | -5.386379 | 
474     | 0.0            | -5.386379 | 
475     | 0.0            | -5.386379 | 
476     | 0.0            | -5.386379 | 
477     | 0.0            | -5.386379 | 
478     | 0.0            | -5.386379 | 
479     | 0.0            | -5.386379 | 
480     | 0.0            | -5.386379 | 
481     | 0.0            | -5.386379 | 
482     | 0.0            | -5.386379 | 
483     | 0.0            | -5.386379 | 
484     | 0.0            | -5.386379 | 
485     | 0.0            | -5.386379 | 
486     | 0.0            | -5.386379 | 
487     | 0.0            | -5.386379 | 
488     | 0.0            | -5.386379 | 
489     | 0.0            | -5.386379 | 
490     | 0.0            | -5.386379 | 
491     | 0.0            | -5.386379 | 
492     | 0.0            | -5.386379 | 
493     | 0.0            | -5.386379 | 
494     | 0.0            | -5.386379 | 
495     | 0.0            | -5.386379 | 
496     | 0.0            | -5.386379 | 
497     | 0.0            | -5.386379 | 
498     | 0.0            | -5.386379 | 
499     | 0.0            | -5.386379 | 
500     | 0.0            | -5.386379 | 
501     | 0.0            | -5.386379 | 
502     | 0.0            | -5.386379 | 
503     | 0.0            | -5.386379 | 
504     | 0.0            | -5.386379 | 
505     | 0.0            | -5.386379 | 
506     | 0.0            | -5.386379 | 
507     | 0.0            | -5.386379 | 
508     | 0.0            | -5.386379 | 
509     | 0.0            | -5.386379 | 
510     | 0.0            | -5.386379 | 
511     | 0.0            | -5.386379 | 
512     | 0.0            | -5.386379 | 
513     | 0.0            | -5.386379 | 
514     | 0.0            | -5.386379 | 
515     | 0.0            | -5.386379 | 
516     | 0.0            | -5.386379 | 
517     | 0.0            | -5.386379 | 
518     | 0.0            | -5.386379 | 
519     | 0.0            | -5.386379 | 
520     | 0.0            | -5.386379 | 
521     | 0.0            | -5.386379 | 
522     | 0.0            | -5.386379 | 
523     | 0.0            | -5.386379 | 
524     | 0.0            | -5.386379 | 
525     | 0.0            | -5.386379 | 
526     | 0.0            | -5.386379 | 
527     | 0.0            | -5.386379 | 
528     | 0.0            | -5.386379 | 
529     | 0.0            | -5.386379 | 
530     | 0.0            | -5.386379 | 
531     | 0.0            | -5.386379 | 
532     | 0.0            | -5.386379 | 
533     | 0.0            | -5.386379 | 
534     | 0.0            | -5.386379 | 
535     | 0.0            | -5.386379 | 
536     | 0.0            | -5.386379 | 
537     | 0.0            | -5.386379 | 
538     | 0.0            | -5.386379 | 
539     | 0.0            | -5.386379 | 
540     | 0.0            | -5.386379 | 
541     | 0.0            | -5.386379 | 
542     | 0.0            | -5.386379 | 
543     | 0.0            | -5.386379 | 
544     | 0.0            | -5.386379 | 
545     | 0.0            | -5.386379 | 
546     | 0.0            | -5.386379 | 
547     | 0.0            | -5.386379 | 
548     | 0.0            | -5.386379 | 
549     | 0.0            | -5.386379 | 
550     | 0.0            | -5.386379 | 
551     | 0.0            | -5.386379 | 
552     | 0.0            | -5.386379 | 
553     | 0.0            | -5.386379 | 
554     | 0.0            | -5.386379 | 
555     | 0.0            | -5.386379 | 
556     | 0.0            | -5.386379 | 
557     | 0.0            | -5.386379 | 
558     | 0.0            | -5.386379 | 
559     | 0.0            | -5.386379 | 
560     | 0.0            | -5.386379 | 
561     | 0.0            | -5.386379 | 
562     | 0.0            | -5.386379 | 
563     | 0.0            | -5.386379 | 
564     | 0.0            | -5.386379 | 
565     | 0.0            | -5.386379 | 
566     | 0.0            | -5.386379 | 
567     | 0.0            | -5.386379 | 
568     | 0.0            | -5.386379 | 
569     | 0.0            | -5.386379 | 
570     | 0.0            | -5.386379 | 
571     | 0.0            | -5.386379 | 
572     | 0.0            | -5.386379 | 
573     | 0.0            | -5.386379 | 
574     | 0.0            | -5.386379 | 
575     | 0.0            | -5.386379 | 
576     | 0.0            | -5.386379 | 
577     | 0.0            | -5.386379 | 
578     | 0.0            | -5.386379 | 
579     | 0.0            | -5.386379 | 
580     | 0.0            | -5.386379 | 
581     | 0.0            | -5.386379 | 
582     | 0.0            | -5.386379 | 
583     | 0.0            | -5.386379 | 
584     | 0.0            | -5.386379 | 
585     | 0.0            | -5.386379 | 
586     | 0.0            | -5.386379 | 
587     | 0.0            | -5.386379 | 
588     | 0.0            | -5.386379 | 
589     | 0.0            | -5.386379 | 
590     | 0.0            | -5.386379 | 
591     | 0.0            | -5.386379 | 
592     | 0.0            | -5.386379 | 
593     | 0.0            | -5.386379 | 
594     | 0.0            | -5.386379 | 
595     | 0.0            | -5.386379 | 
596     | 0.0            | -5.386379 | 
597     | 0.0            | -5.386379 | 
598     | 0.0            | -5.386379 | 
599     | 0.0            | -5.386379 | 
600     | 0.0            | -5.386379 | 
601     | 0.0            | -5.386379 | 
602     | 0.0            | -5.386379 | 
603     | 0.0            | -5.386379 | 
604     | 0.0            | -5.386379 | 
605     | 0.0            | -5.386379 | 
606     | 0.0            | -5.386379 | 
607     | 0.0            | -5.386379 | 
608     | 0.0            | -5.386379 | 
609     | 0.0            | -5.386379 | 
610     | 0.0            | -5.386379 | 
611     | 0.0            | -5.386379 | 
612     | 0.0            | -5.386379 | 
613     | 0.0            | -5.386379 | 
614     | 0.0            | -5.386379 | 
615     | 0.0            | -5.386379 | 
616     | 0.0            | -5.386379 | 
617     | 0.0            | -5.386379 | 
618     | 0.0            | -5.386379 | 
619     | 0.0            | -5.386379 | 
620     | 0.0            | -5.386379 | 
621     | 0.0            | -5.386379 | 
622     | 0.0            | -5.386379 | 
623     | 0.0            | -5.386379 | 
624     | 0.0            | -5.386379 | 
625     | 0.0            | -5.386379 | 
626     | 0.0            | -5.386379 | 
627     | 0.0            | -5.386379 | 
628     | 0.0            | -5.386379 | 
629     | 0.0            | -5.386379 | 
630     | 0.0            | -5.386379 | 
631     | 0.0            | -5.386379 | 
632     | 0.0            | -5.386379 | 
633     | 0.0            | -5.386379 | 
634     | 0.0            | -5.386379 | 
635     | 0.0            | -5.386379 | 
636     | 0.0            | -5.386379 | 
637     | 0.0            | -5.386379 | 
638     | 0.0            | -5.386379 | 
639     | 0.0            | -5.386379 | 
640     | 0.0            | -5.386379 | 
641     | 0.0            | -5.386379 | 
642     | 0.0            | -5.386379 | 
643     | 0.0            | -5.386379 | 
644     | 0.0            | -5.386379 | 
645     | 0.0            | -5.386379 | 
646     | 0.0            | -5.386379 | 
647     | 0.0            | -5.386379 | 
648     | 0.0            | -5.386379 | 
649     | 0.0            | -5.386379 | 
650     | 0.0            | -5.386379 | 
651     | 0.0            | -5.386379 | 
652     | 0.0            | -5.386379 | 
653     | 0.0            | -5.386379 | 
654     | 0.0            | -5.386379 | 
655     | 0.0            | -5.386379 | 
656     | 0.0            | -5.386379 | 
657     | 0.0            | -5.386379 | 
658     | 0.0            | -5.386379 | 
659     | 0.0            | -5.386379 | 
660     | 0.0            | -5.386379 | 
661     | 0.0            | -5.386379 | 
662     | 0.0            | -5.386379 | 
663     | 0.0            | -5.386379 | 
664     | 0.0            | -5.386379 | 
665     | 0.0            | -5.386379 | 
666     | 0.0            | -5.386379 | 
667     | 0.0            | -5.386379 | 
668     | 0.0            | -5.386379 | 
669     | 0.0            | -5.386379 | 
670     | 0.0            | -5.386379 | 
671     | 0.0            | -5.386379 | 
672     | 0.0            | -5.386379 | 
673     | 0.0            | -5.386379 | 
674     | 0.0            | -5.386379 | 
675     | 0.0            | -5.386379 | 
676     | 0.0            | -5.386379 | 
677     | 0.0            | -5.386379 | 
678     | 0.0            | -5.386379 | 
679     | 0.0            | -5.386379 | 
680     | 0.0            | -5.386379 | 
681     | 0.0            | -5.386379 | 
682     | 0.0            | -5.386379 | 
683     | 0.0            | -5.386379 | 
684     | 0.0            | -5.386379 | 
685     | 0.0            | -5.386379 | 
686     | 0.0            | -5.386379 | 
687     | 0.0            | -5.386379 | 
688     | 0.0            | -5.386379 | 
689     | 0.0            | -5.386379 | 
690     | 0.0            | -5.386379 | 
691     | 0.0            | -5.386379 | 
692     | 0.0            | -5.386379 | 
693     | 0.0            | -5.386379 | 
694     | 0.0            | -5.386379 | 
695     | 0.0            | -5.386379 | 
696     | 0.0            | -5.386379 | 
697     | 0.0            | -5.386379 | 
698     | 0.0            | -5.386379 | 
699     | 0.0            | -5.386379 | 
700     | 0.0            | -5.386379 | 
701     | 0.0            | -5.386379 | 
702     | 0.0            | -5.386379 | 
703     | 0.0            | -5.386379 | 
704     | 0.0            | -5.386379 | 
705     | 0.0            | -5.386379 | 
706     | 0.0            | -5.386379 | 
707     | 0.0            | -5.386379 | 
708     | 0.0            | -5.386379 | 
709     | 0.0            | -5.386379 | 
710     | 0.0            | -5.386379 | 
711     | 0.0            | -5.386379 | 
712     | 0.0            | -5.386379 | 
713     | 0.0            | -5.386379 | 
714     | 0.0            | -5.386379 | 
715     | 0.0            | -5.386379 | 
716     | 0.0            | -5.386379 | 
717     | 0.0            | -5.386379 | 
718     | 0.0            | -5.386379 | 
719     | 0.0            | -5.386379 | 
720     | 0.0            | -5.386379 | 
721     | 0.0            | -5.386379 | 
722     | 0.0            | -5.386379 | 
723     | 0.0            | -5.386379 | 
724     | 0.0            | -5.386379 | 
725     | 0.0            | -5.386379 | 
726     | 0.0            | -5.386379 | 
727     | 0.0            | -5.386379 | 
728     | 0.0            | -5.386379 | 
729     | 0.0            | -5.386379 | 
730     | 0.0            | -5.386379 | 
731     | 0.0            | -5.386379 | 
732     | 0.0            | -5.386379 | 
733     | 0.0            | -5.386379 | 
734     | 0.0            | -5.386379 | 
735     | 0.0            | -5.386379 | 
736     | 0.0            | -5.386379 | 
737     | 0.0            | -5.386379 | 
738     | 0.0            | -5.386379 | 
739     | 0.0            | -5.386379 | 
740     | 0.0            | -5.386379 | 
741     | 0.0            | -5.386379 | 
742     | 0.0            | -5.386379 | 
743     | 0.0            | -5.386379 | 
744     | 0.0            | -5.386379 | 
745     | 0.0            | -5.386379 | 
746     | 0.0            | -5.386379 | 
747     | 0.0            | -5.386379 | 
748     | 0.0            | -5.386379 | 
749     | 0.0            | -5.386379 | 
750     | 0.0            | -5.386379 | 
751     | 0.0            | -5.386379 | 
752     | 0.0            | -5.386379 | 
753     | 0.0            | -5.386379 | 
754     | 0.0            | -5.386379 | 
755     | 0.0            | -5.386379 | 
756     | 0.0            | -5.386379 | 
757     | 0.0            | -5.386379 | 
758     | 0.0            | -5.386379 | 
759     | 0.0            | -5.386379 | 
760     | 0.0            | -5.386379 | 
761     | 0.0            | -5.386379 | 
762     | 0.0            | -5.386379 | 
763     | 0.0            | -5.386379 | 
764     | 0.0            | -5.386379 | 
765     | 0.0            | -5.386379 | 
766     | 0.0            | -5.386379 | 
767     | 0.0            | -5.386379 | 
768     | 0.0            | -5.386379 | 
769     | 0.0            | -5.386379 | 
770     | 0.0            | -5.386379 | 
771     | 0.0            | -5.386379 | 
772     | 0.0            | -5.386379 | 
773     | 0.0            | -5.386379 | 
774     | 0.0            | -5.386379 | 
775     | 0.0            | -5.386379 | 
776     | 0.0            | -5.386379 | 
777     | 0.0            | -5.386379 | 
778     | 0.0            | -5.386379 | 
779     | 0.0            | -5.386379 | 
780     | 0.0            | -5.386379 | 
781     | 0.0            | -5.386379 | 
782     | 0.0            | -5.386379 | 
783     | 0.0            | -5.386379 | 
784     | 0.0            | -5.386379 | 
785     | 0.0            | -5.386379 | 
786     | 0.0            | -5.386379 | 
787     | 0.0            | -5.386379 | 
788     | 0.0            | -5.386379 | 
789     | 0.0            | -5.386379 | 
790     | 0.0            | -5.386379 | 
791     | 0.0            | -5.386379 | 
792     | 0.0            | -5.386379 | 
793     | 0.0            | -5.386379 | 
794     | 0.0            | -5.386379 | 
795     | 0.0            | -5.386379 | 
796     | 0.0            | -5.386379 | 
797     | 0.0            | -5.386379 | 
798     | 0.0            | -5.386379 | 
799     | 0.0            | -5.386379 | 
800     | 0.0            | -5.386379 | 
801     | 0.0            | -5.386379 | 
802     | 0.0            | -5.386379 | 
803     | 0.0            | -5.386379 | 
804     | 0.0            | -5.386379 | 
805     | 0.0            | -5.386379 | 
806     | 0.0            | -5.386379 | 
807     | 0.0            | -5.386379 | 
808     | 0.0            | -5.386379 | 
809     | 0.0            | -5.386379 | 
810     | 0.0            | -5.386379 | 
811     | 0.0            | -5.386379 | 
812     | 0.0            | -5.386379 | 
813     | 0.0            | -5.386379 | 
814     | 0.0            | -5.386379 | 
815     | 0.0            | -5.386379 | 
816     | 0.0            | -5.386379 | 
817     | 0.0            | -5.386379 | 
818     | 0.0            | -5.386379 | 
819     | 0.0            | -5.386379 | 
820     | 0.0            | -5.386379 | 
821     | 0.0            | -5.386379 | 
822     | 0.0            | -5.386379 | 
823     | 0.0            | -5.386379 | 
824     | 0.0            | -5.386379 | 
825     | 0.0            | -5.386379 | 
826     | 0.0            | -5.386379 | 
827     | 0.0            | -5.386379 | 
828     | 0.0            | -5.386379 | 
829     | 0.0            | -5.386379 | 
830     | 0.0            | -5.386379 | 
831     | 0.0            | -5.386379 | 
832     | 0.0            | -5.386379 | 
833     | 0.0            | -5.386379 | 
834     | 0.0            | -5.386379 | 
835     | 0.0            | -5.386379 | 
836     | 0.0            | -5.386379 | 
837     | 0.0            | -5.386379 | 
838     | 0.0            | -5.386379 | 
839     | 0.0            | -5.386379 | 
840     | 0.0            | -5.386379 | 
841     | 0.0            | -5.386379 | 
842     | 0.0            | -5.386379 | 
843     | 0.0            | -5.386379 | 
844     | 0.0            | -5.386379 | 
845     | 0.0            | -5.386379 | 
846     | 0.0            | -5.386379 | 
847     | 0.0            | -5.386379 | 
848     | 0.0            | -5.386379 | 
849     | 0.0            | -5.386379 | 
850     | 0.0            | -5.386379 | 
851     | 0.0            | -5.386379 | 
852     | 0.0            | -5.386379 | 
853     | 0.0            | -5.386379 | 
854     | 0.0            | -5.386379 | 
855     | 0.0            | -5.386379 | 
856     | 0.0            | -5.386379 | 
857     | 0.0            | -5.386379 | 
858     | 0.0            | -5.386379 | 
859     | 0.0            | -5.386379 | 
860     | 0.0            | -5.386379 | 
861     | 0.0            | -5.386379 | 
862     | 0.0            | -5.386379 | 
863     | 0.0            | -5.386379 | 
864     | 0.0            | -5.386379 | 
865     | 0.0            | -5.386379 | 
866     | 0.0            | -5.386379 | 
867     | 0.0            | -5.386379 | 
868     | 0.0            | -5.386379 | 
869     | 0.0            | -5.386379 | 
870     | 0.0            | -5.386379 | 
871     | 0.0            | -5.386379 | 
872     | 0.0            | -5.386379 | 
873     | 0.0            | -5.386379 | 
874     | 0.0            | -5.386379 | 
875     | 0.0            | -5.386379 | 
876     | 0.0            | -5.386379 | 
877     | 0.0            | -5.386379 | 
878     | 0.0            | -5.386379 | 
879     | 0.0            | -5.386379 | 
880     | 0.0            | -5.386379 | 
881     | 0.0            | -5.386379 | 
882     | 0.0            | -5.386379 | 
883     | 0.0            | -5.386379 | 
884     | 0.0            | -5.386379 | 
885     | 0.0            | -5.386379 | 
886     | 0.0            | -5.386379 | 
887     | 0.0            | -5.386379 | 
888     | 0.0            | -5.386379 | 
889     | 0.0            | -5.386379 | 
890     | 0.0            | -5.386379 | 
891     | 0.0            | -5.386379 | 
892     | 0.0            | -5.386379 | 
893     | 0.0            | -5.386379 | 
894     | 0.0            | -5.386379 | 
895     | 0.0            | -5.386379 | 
896     | 0.0            | -5.386379 | 
897     | 0.0            | -5.386379 | 
898     | 0.0            | -5.386379 | 
899     | 0.0            | -5.386379 | 
900     | 0.0            | -5.386379 | 
901     | 0.0            | -5.386379 | 
902     | 0.0            | -5.386379 | 
903     | 0.0            | -5.386379 | 
904     | 0.0            | -5.386379 | 
905     | 0.0            | -5.386379 | 
906     | 0.0            | -5.386379 | 
907     | 0.0            | -5.386379 | 
908     | 0.0            | -5.386379 | 
909     | 0.0            | -5.386379 | 
910     | 0.0            | -5.386379 | 
911     | 0.0            | -5.386379 | 
912     | 0.0            | -5.386379 | 
913     | 0.0            | -5.386379 | 
914     | 0.0            | -5.386379 | 
915     | 0.0            | -5.386379 | 
916     | 0.0            | -5.386379 | 
917     | 0.0            | -5.386379 | 
918     | 0.0            | -5.386379 | 
919     | 0.0            | -5.386379 | 
920     | 0.0            | -5.386379 | 
921     | 0.0            | -5.386379 | 
922     | 0.0            | -5.386379 | 
923     | 0.0            | -5.386379 | 
924     | 0.0            | -5.386379 | 
925     | 0.0            | -5.386379 | 
926     | 0.0            | -5.386379 | 
927     | 0.0            | -5.386379 | 
928     | 0.0            | -5.386379 | 
929     | 0.0            | -5.386379 | 
930     | 0.0            | -5.386379 | 
931     | 0.0            | -5.386379 | 
932     | 0.0            | -5.386379 | 
933     | 0.0            | -5.386379 | 
934     | 0.0            | -5.386379 | 
935     | 0.0            | -5.386379 | 
936     | 0.0            | -5.386379 | 
937     | 0.0            | -5.386379 | 
938     | 0.0            | -5.386379 | 
939     | 0.0            | -5.386379 | 
940     | 0.0            | -5.386379 | 
941     | 0.0            | -5.386379 | 
942     | 0.0            | -5.386379 | 
943     | 0.0            | -5.386379 | 
944     | 0.0            | -5.386379 | 
945     | 0.0            | -5.386379 | 
946     | 0.0            | -5.386379 | 
947     | 0.0            | -5.386379 | 
948     | 0.0            | -5.386379 | 
949     | 0.0            | -5.386379 | 
950     | 0.0            | -5.386379 | 
951     | 0.0            | -5.386379 | 
952     | 0.0            | -5.386379 | 
953     | 0.0            | -5.386379 | 
954     | 0.0            | -5.386379 | 
955     | 0.0            | -5.386379 | 
956     | 0.0            | -5.386379 | 
957     | 0.0            | -5.386379 | 
958     | 0.0            | -5.386379 | 
959     | 0.0            | -5.386379 | 
960     | 0.0            | -5.386379 | 
961     | 0.0            | -5.386379 | 
962     | 0.0            | -5.386379 | 
963     | 0.0            | -5.386379 | 
964     | 0.0            | -5.386379 | 
965     | 0.0            | -5.386379 | 
966     | 0.0            | -5.386379 | 
967     | 0.0            | -5.386379 | 
968     | 0.0            | -5.386379 | 
969     | 0.0            | -5.386379 | 
970     | 0.0            | -5.386379 | 
971     | 0.0            | -5.386379 | 
972     | 0.0            | -5.386379 | 
973     | 0.0            | -5.386379 | 
974     | 0.0            | -5.386379 | 
975     | 0.0            | -5.386379 | 
976     | 0.0            | -5.386379 | 
977     | 0.0            | -5.386379 | 
978     | 0.0            | -5.386379 | 
979     | 0.0            | -5.386379 | 
980     | 0.0            | -5.386379 | 
981     | 0.0            | -5.386379 | 
982     | 0.0            | -5.386379 | 
983     | 0.0            | -5.386379 | 
984     | 0.0            | -5.386379 | 
985     | 0.0            | -5.386379 | 
986     | 0.0            | -5.386379 | 
987     | 0.0            | -5.386379 | 
988     | 0.0            | -5.386379 | 
989     | 0.0            | -5.386379 | 
990     | 0.0            | -5.386379 | 
991     | 0.0            | -5.386379 | 
992     | 0.0            | -5.386379 | 
993     | 0.0            | -5.386379 | 
994     | 0.0            | -5.386379 | 
995     | 0.0            | -5.386379 | 
996     | 0.0            | -5.386379 | 
997     | 0.0            | -5.386379 | 
998     | 0.0            | -5.386379 | 
999     | 0.0            | -5.386379 | 
1000    | 0.0            | -5.386379 | 
1001    | 0.0            | -5.386379 | 
1002    | 0.0            | -5.386379 | 
1003    | 0.0            | -5.386379 | 
1004    | 0.0            | -5.386379 | 
1005    | 0.0            | -5.386379 | 
1006    | 0.0            | -5.386379 | 
1007    | 0.0            | -5.386379 | 
1008    | 0.0            | -5.386379 | 
1009    | 0.0            | -5.386379 | 
1010    | 0.0            | -5.386379 | 
1011    | 0.0            | -5.386379 | 
1012    | 0.0            | -5.386379 | 
1013    | 0.0            | -5.386379 | 
1014    | 0.0            | -5.386379 | 
1015    | 0.0            | -5.386379 | 
1016    | 0.0            | -5.386379 | 
1017    | 0.0            | -5.386379 | 
1018    | 0.0            | -5.386379 | 
1019    | 0.0            | -5.386379 | 
1020    | 0.0            | -5.386379 | 
1021    | 0.0            | -5.386379 | 
1022    | 0.0            | -5.386379 | 
1023    | 0.0            | -5.386379 | 
1024    | 0.0            | -5.386379 | 
1025    | 0.0            | -5.386379 | 
1026    | 0.0            | -5.386379 | 
1027    | 0.0            | -5.386379 | 
1028    | 0.0            | -5.386379 | 
1029    | 0.0            | -5.386379 | 
1030    | 0.0            | -5.386379 | 
1031    | 0.0            | -5.386379 | 
1032    | 0.0            | -5.386379 | 
1033    | 0.0            | -5.386379 | 
1034    | 0.0            | -5.386379 | 
1035    | 0.0            | -5.386379 | 
1036    | 0.0            | -5.386379 | 
1037    | 0.0            | -5.386379 | 
1038    | 0.0            | -5.386379 | 
1039    | 0.0            | -5.386379 | 
1040    | 0.0            | -5.386379 | 
1041    | 0.0            | -5.386379 | 
1042    | 0.0            | -5.386379 | 
1043    | 0.0            | -5.386379 | 
1044    | 0.0            | -5.386379 | 
1045    | 0.0            | -5.386379 | 
1046    | 0.0            | -5.386379 | 
1047    | 0.0            | -5.386379 | 
1048    | 0.0            | -5.386379 | 
1049    | 0.0            | -5.386379 | 
1050    | 0.0            | -5.386379 | 
1051    | 0.0            | -5.386379 | 
1052    | 0.0            | -5.386379 | 
1053    | 0.0            | -5.386379 | 
1054    | 0.0            | -5.386379 | 
1055    | 0.0            | -5.386379 | 
1056    | 0.0            | -5.386379 | 
1057    | 0.0            | -5.386379 | 
1058    | 0.0            | -5.386379 | 
1059    | 0.0            | -5.386379 | 
1060    | 0.0            | -5.386379 | 
1061    | 0.0            | -5.386379 | 
1062    | 0.0            | -5.386379 | 
1063    | 0.0            | -5.386379 | 
1064    | 0.0            | -5.386379 | 
1065    | 0.0            | -5.386379 | 
1066    | 0.0            | -5.386379 | 
1067    | 0.0            | -5.386379 | 
1068    | 0.0            | -5.386379 | 
1069    | 0.0            | -5.386379 | 
1070    | 0.0            | -5.386379 | 
1071    | 0.0            | -5.386379 | 
1072    | 0.0            | -5.386379 | 
1073    | 0.0            | -5.386379 | 
1074    | 0.0            | -5.386379 | 
1075    | 0.0            | -5.386379 | 
1076    | 0.0            | -5.386379 | 
1077    | 0.0            | -5.386379 | 
1078    | 0.0            | -5.386379 | 
1079    | 0.0            | -5.386379 | 
1080    | 0.0            | -5.386379 | 
1081    | 0.0            | -5.386379 | 
1082    | 0.0            | -5.386379 | 
1083    | 0.0            | -5.386379 | 
1084    | 0.0            | -5.386379 | 
1085    | 0.0            | -5.386379 | 
1086    | 0.0            | -5.386379 | 
1087    | 0.0            | -5.386379 | 
1088    | 0.0            | -5.386379 | 
1089    | 0.0            | -5.386379 | 
1090    | 0.0            | -5.386379 | 
1091    | 0.0            | -5.386379 | 
1092    | 0.0            | -5.386379 | 
1093    | 0.0            | -5.386379 | 
1094    | 0.0            | -5.386379 | 
1095    | 0.0            | -5.386379 | 
1096    | 0.0            | -5.386379 | 
1097    | 0.0            | -5.386379 | 
1098    | 0.0            | -5.386379 | 
1099    | 0.0            | -5.386379 | 
1100    | 0.0            | -5.386379 | 
1101    | 0.0            | -5.386379 | 
1102    | 0.0            | -5.386379 | 
1103    | 0.0            | -5.386379 | 
1104    | 0.0            | -5.386379 | 
1105    | 0.0            | -5.386379 | 
1106    | 0.0            | -5.386379 | 
1107    | 0.0            | -5.386379 | 
1108    | 0.0            | -5.386379 | 
1109    | 0.0            | -5.386379 | 
1110    | 0.0            | -5.386379 | 
1111    | 0.0            | -5.386379 | 
1112    | 0.0            | -5.386379 | 
1113    | 0.0            | -5.386379 | 
1114    | 0.0            | -5.386379 | 
1115    | 0.0            | -5.386379 | 
1116    | 0.0            | -5.386379 | 
1117    | 0.0            | -5.386379 | 
1118    | 0.0            | -5.386379 | 
1119    | 0.0            | -5.386379 | 
1120    | 0.0            | -5.386379 | 
1121    | 0.0            | -5.386379 | 
1122    | 0.0            | -5.386379 | 
1123    | 0.0            | -5.386379 | 
1124    | 0.0            | -5.386379 | 
1125    | 0.0            | -5.386379 | 
1126    | 0.0            | -5.386379 | 
1127    | 0.0            | -5.386379 | 
1128    | 0.0            | -5.386379 | 
1129    | 0.0            | -5.386379 | 
1130    | 0.0            | -5.386379 | 
1131    | 0.0            | -5.386379 | 
1132    | 0.0            | -5.386379 | 
1133    | 0.0            | -5.386379 | 
1134    | 0.0            | -5.386379 | 
1135    | 0.0            | -5.386379 | 
1136    | 0.0            | -5.386379 | 
1137    | 0.0            | -5.386379 | 
1138    | 0.0            | -5.386379 | 
1139    | 0.0            | -5.386379 | 
1140    | 0.0            | -5.386379 | 
1141    | 0.0            | -5.386379 | 
1142    | 0.0            | -5.386379 | 
1143    | 0.0            | -5.386379 | 
1144    | 0.0            | -5.386379 | 
1145    | 0.0            | -5.386379 | 
1146    | 0.0            | -5.386379 | 
1147    | 0.0            | -5.386379 | 
1148    | 0.0            | -5.386379 | 
1149    | 0.0            | -5.386379 | 
1150    | 0.0            | -5.386379 | 
1151    | 0.0            | -5.386379 | 
1152    | 0.0            | -5.386379 | 
1153    | 0.0            | -5.386379 | 
1154    | 0.0            | -5.386379 | 
1155    | 0.0            | -5.386379 | 
1156    | 0.0            | -5.386379 | 
1157    | 0.0            | -5.386379 | 
1158    | 0.0            | -5.386379 | 
1159    | 0.0            | -5.386379 | 
1160    | 0.0            | -5.386379 | 
1161    | 0.0            | -5.386379 | 
1162    | 0.0            | -5.386379 | 
1163    | 0.0            | -5.386379 | 
1164    | 0.0            | -5.386379 | 
1165    | 0.0            | -5.386379 | 
1166    | 0.0            | -5.386379 | 
1167    | 0.0            | -5.386379 | 
1168    | 0.0            | -5.386379 | 
1169    | 0.0            | -5.386379 | 
1170    | 0.0            | -5.386379 | 
1171    | 0.0            | -5.386379 | 
1172    | 0.0            | -5.386379 | 
1173    | 0.0            | -5.386379 | 
1174    | 0.0            | -5.386379 | 
1175    | 0.0            | -5.386379 | 
1176    | 0.0            | -5.386379 | 
1177    | 0.0            | -5.386379 | 
1178    | 0.0            | -5.386379 | 
1179    | 0.0            | -5.386379 | 
1180    | 0.0            | -5.386379 | 
1181    | 0.0            | -5.386379 | 
1182    | 0.0            | -5.386379 | 
1183    | 0.0            | -5.386379 | 
1184    | 0.0            | -5.386379 | 
1185    | 0.0            | -5.386379 | 
1186    | 0.0            | -5.386379 | 
1187    | 0.0            | -5.386379 | 
1188    | 0.0            | -5.386379 | 
1189    | 0.0            | -5.386379 | 
1190    | 0.0            | -5.386379 | 
1191    | 0.0            | -5.386379 | 
1192    | 0.0            | -5.386379 | 
1193    | 0.0            | -5.386379 | 
1194    | 0.0            | -5.386379 | 
1195    | 0.0            | -5.386379 | 
1196    | 0.0            | -5.386379 | 
1197    | 0.0            | -5.386379 | 
1198    | 0.0            | -5.386379 | 
1199    | 0.0            | -5.386379 | 
1200    | 0.0            | -5.386379 | 
1201    | 0.0            | -5.386379 | 
1202    | 0.0            | -5.386379 | 
1203    | 0.0            | -5.386379 | 
1204    | 0.0            | -5.386379 | 
1205    | 0.0            | -5.386379 | 
1206    | 0.0            | -5.386379 | 
1207    | 0.0            | -5.386379 | 
1208    | 0.0            | -5.386379 | 
1209    | 0.0            | -5.386379 | 
1210    | 0.0            | -5.386379 | 
1211    | 0.0            | -5.386379 | 
1212    | 0.0            | -5.386379 | 
1213    | 0.0            | -5.386379 | 
1214    | 0.0            | -5.386379 | 
1215    | 0.0            | -5.386379 | 
1216    | 0.0            | -5.386379 | 
1217    | 0.0            | -5.386379 | 
1218    | 0.0            | -5.386379 | 
1219    | 0.0            | -5.386379 | 
1220    | 0.0            | -5.386379 | 
1221    | 0.0            | -5.386379 | 
1222    | 0.0            | -5.386379 | 
1223    | 0.0            | -5.386379 | 
1224    | 0.0            | -5.386379 | 
1225    | 0.0            | -5.386379 | 
1226    | 0.0            | -5.386379 | 
1227    | 0.0            | -5.386379 | 
1228    | 0.0            | -5.386379 | 
1229    | 0.0            | -5.386379 | 
1230    | 0.0            | -5.386379 | 
1231    | 0.0            | -5.386379 | 
1232    | 0.0            | -5.386379 | 
1233    | 0.0            | -5.386379 | 
1234    | 0.0            | -5.386379 | 
1235    | 0.0            | -5.386379 | 
1236    | 0.0            | -5.386379 | 
1237    | 0.0            | -5.386379 | 
1238    | 0.0            | -5.386379 | 
1239    | 0.0            | -5.386379 | 
1240    | 0.0            | -5.386379 | 
1241    | 0.0            | -5.386379 | 
1242    | 0.0            | -5.386379 | 
1243    | 0.0            | -5.386379 | 
1244    | 0.0            | -5.386379 | 
1245    | 0.0            | -5.386379 | 
1246    | 0.0            | -5.386379 | 
1247    | 0.0            | -5.386379 | 
1248    | 0.0            | -5.386379 | 
1249    | 0.0            | -5.386379 | 
1250    | 0.0            | -5.386379 | 
1251    | 0.0            | -5.386379 | 
1252    | 0.0            | -5.386379 | 
1253    | 0.0            | -5.386379 | 
1254    | 0.0            | -5.386379 | 
1255    | 0.0            | -5.386379 | 
1256    | 0.0            | -5.386379 | 
1257    | 0.0            | -5.386379 | 
1258    | 0.0            | -5.386379 | 
1259    | 0.0            | -5.386379 | 
1260    | 0.0            | -5.386379 | 
1261    | 0.0            | -5.386379 | 
1262    | 0.0            | -5.386379 | 
1263    | 0.0            | -5.386379 | 
1264    | 0.0            | -5.386379 | 
1265    | 0.0            | -5.386379 | 
1266    | 0.0            | -5.386379 | 
1267    | 0.0            | -5.386379 | 
1268    | 0.0            | -5.386379 | 
1269    | 0.0            | -5.386379 | 
1270    | 0.0            | -5.386379 | 
1271    | 0.0            | -5.386379 | 
1272    | 0.0            | -5.386379 | 
1273    | 0.0            | -5.386379 | 
1274    | 0.0            | -5.386379 | 
1275    | 0.0            | -5.386379 | 
1276    | 0.0            | -5.386379 | 
1277    | 0.0            | -5.386379 | 
1278    | 0.0            | -5.386379 | 
1279    | 0.0            | -5.386379 | 
1280    | 0.0            | -5.386379 | 
1281    | 0.0            | -5.386379 | 
1282    | 0.0            | -5.386379 | 
1283    | 0.0            | -5.386379 | 
1284    | 0.0            | -5.386379 | 
1285    | 0.0            | -5.386379 | 
1286    | 0.0            | -5.386379 | 
1287    | 0.0            | -5.386379 | 
1288    | 0.0            | -5.386379 | 
1289    | 0.0            | -5.386379 | 
1290    | 0.0            | -5.386379 | 
1291    | 0.0            | -5.386379 | 
1292    | 0.0            | -5.386379 | 
1293    | 0.0            | -5.386379 | 
1294    | 0.0            | -5.386379 | 
1295    | 0.0            | -5.386379 | 
1296    | 0.0            | -5.386379 | 
1297    | 0.0            | -5.386379 | 
1298    | 0.0            | -5.386379 | 
1299    | 0.0            | -5.386379 | 
1300    | 0.0            | -5.386379 | 
1301    | 0.0            | -5.386379 | 
1302    | 0.0            | -5.386379 | 
1303    | 0.0            | -5.386379 | 
1304    | 0.0            | -5.386379 | 
1305    | 0.0            | -5.386379 | 
1306    | 0.0            | -5.386379 | 
1307    | 0.0            | -5.386379 | 
1308    | 0.0            | -5.386379 | 
1309    | 0.0            | -5.386379 | 
1310    | 0.0            | -5.386379 | 
1311    | 0.0            | -5.386379 | 
1312    | 0.0            | -5.386379 | 
1313    | 0.0            | -5.386379 | 
1314    | 0.0            | -5.386379 | 
1315    | 0.0            | -5.386379 | 
1316    | 0.0            | -5.386379 | 
1317    | 0.0            | -5.386379 | 
1318    | 0.0            | -5.386379 | 
1319    | 0.0            | -5.386379 | 
1320    | 0.0            | -5.386379 | 
1321    | 0.0            | -5.386379 | 
1322    | 0.0            | -5.386379 | 
1323    | 0.0            | -5.386379 | 
1324    | 0.0            | -5.386379 | 
1325    | 0.0            | -5.386379 | 
1326    | 0.0            | -5.386379 | 
1327    | 0.0            | -5.386379 | 
1328    | 0.0            | -5.386379 | 
1329    | 0.0            | -5.386379 | 
1330    | 0.0            | -5.386379 | 
1331    | 0.0            | -5.386379 | 
1332    | 0.0            | -5.386379 | 
1333    | 0.0            | -5.386379 | 
1334    | 0.0            | -5.386379 | 
1335    | 0.0            | -5.386379 | 
1336    | 0.0            | -5.386379 | 
1337    | 0.0            | -5.386379 | 
1338    | 0.0            | -5.386379 | 
1339    | 0.0            | -5.386379 | 
1340    | 0.0            | -5.386379 | 
1341    | 0.0            | -5.386379 | 
1342    | 0.0            | -5.386379 | 
1343    | 0.0            | -5.386379 | 
1344    | 0.0            | -5.386379 | 
1345    | 0.0            | -5.386379 | 
1346    | 0.0            | -5.386379 | 
1347    | 0.0            | -5.386379 | 
1348    | 0.0            | -5.386379 | 
1349    | 0.0            | -5.386379 | 
1350    | 0.0            | -5.386379 | 
1351    | 0.0            | -5.386379 | 
1352    | 0.0            | -5.386379 | 
1353    | 0.0            | -5.386379 | 
1354    | 0.0            | -5.386379 | 
1355    | 0.0            | -5.386379 | 
1356    | 0.0            | -5.386379 | 
1357    | 0.0            | -5.386379 | 
1358    | 0.0            | -5.386379 | 
1359    | 0.0            | -5.386379 | 
1360    | 0.0            | -5.386379 | 
1361    | 0.0            | -5.386379 | 
1362    | 0.0            | -5.386379 | 
1363    | 0.0            | -5.386379 | 
1364    | 0.0            | -5.386379 | 
1365    | 0.0            | -5.386379 | 
1366    | 0.0            | -5.386379 | 
1367    | 0.0            | -5.386379 | 
1368    | 0.0            | -5.386379 | 
1369    | 0.0            | -5.386379 | 
1370    | 0.0            | -5.386379 | 
1371    | 0.0            | -5.386379 | 
1372    | 0.0            | -5.386379 | 
1373    | 0.0            | -5.386379 | 
1374    | 0.0            | -5.386379 | 
1375    | 0.0            | -5.386379 | 
1376    | 0.0            | -5.386379 | 
1377    | 0.0            | -5.386379 | 
1378    | 0.0            | -5.386379 | 
1379    | 0.0            | -5.386379 | 
1380    | 0.0            | -5.386379 | 
1381    | 0.0            | -5.386379 | 
1382    | 0.0            | -5.386379 | 
1383    | 0.0            | -5.386379 | 
1384    | 0.0            | -5.386379 | 
1385    | 0.0            | -5.386379 | 
1386    | 0.0            | -5.386379 | 
1387    | 0.0            | -5.386379 | 
1388    | 0.0            | -5.386379 | 
1389    | 0.0            | -5.386379 | 
1390    | 0.0            | -5.386379 | 
1391    | 0.0            | -5.386379 | 
1392    | 0.0            | -5.386379 | 
1393    | 0.0            | -5.386379 | 
1394    | 0.0            | -5.386379 | 
1395    | 0.0            | -5.386379 | 
1396    | 0.0            | -5.386379 | 
1397    | 0.0            | -5.386379 | 
1398    | 0.0            | -5.386379 | 
1399    | 0.0            | -5.386379 | 
1400    | 0.0            | -5.386379 | 
1401    | 0.0            | -5.386379 | 
1402    | 0.0            | -5.386379 | 
1403    | 0.0            | -5.386379 | 
1404    | 0.0            | -5.386379 | 
1405    | 0.0            | -5.386379 | 
1406    | 0.0            | -5.386379 | 
1407    | 0.0            | -5.386379 | 
1408    | 0.0            | -5.386379 | 
1409    | 0.0            | -5.386379 | 
1410    | 0.0            | -5.386379 | 
1411    | 0.0            | -5.386379 | 
1412    | 0.0            | -5.386379 | 
1413    | 0.0            | -5.386379 | 
1414    | 0.0            | -5.386379 | 
1415    | 0.0            | -5.386379 | 
1416    | 0.0            | -5.386379 | 
1417    | 0.0            | -5.386379 | 
1418    | 0.0            | -5.386379 | 
1419    | 0.0            | -5.386379 | 
1420    | 0.0            | -5.386379 | 
1421    | 0.0            | -5.386379 | 
1422    | 0.0            | -5.386379 | 
1423    | 0.0            | -5.386379 | 
1424    | 0.0            | -5.386379 | 
1425    | 0.0            | -5.386379 | 
1426    | 0.0            | -5.386379 | 
1427    | 0.0            | -5.386379 | 
1428    | 0.0            | -5.386379 | 
1429    | 0.0            | -5.386379 | 
1430    | 0.0            | -5.386379 | 
1431    | 0.0            | -5.386379 | 
1432    | 0.0            | -5.386379 | 
1433    | 0.0            | -5.386379 | 
1434    | 0.0            | -5.386379 | 
1435    | 0.0            | -5.386379 | 
1436    | 0.0            | -5.386379 | 
1437    | 0.0            | -5.386379 | 
1438    | 0.0            | -5.386379 | 
1439    | 0.0            | -5.386379 | 
1440    | 0.0            | -5.386379 | 
1441    | 0.0            | -5.386379 | 
1442    | 0.0            | -5.386379 | 
1443    | 0.0            | -5.386379 | 
1444    | 0.0            | -5.386379 | 
1445    | 0.0            | -5.386379 | 
1446    | 0.0            | -5.386379 | 
1447    | 0.0            | -5.386379 | 
1448    | 0.0            | -5.386379 | 
1449    | 0.0            | -5.386379 | 
1450    | 0.0            | -5.386379 | 
1451    | 0.0            | -5.386379 | 
1452    | 0.0            | -5.386379 | 
1453    | 0.0            | -5.386379 | 
1454    | 0.0            | -5.386379 | 
1455    | 0.0            | -5.386379 | 
1456    | 0.0            | -5.386379 | 
1457    | 0.0            | -5.386379 | 
1458    | 0.0            | -5.386379 | 
1459    | 0.0            | -5.386379 | 
1460    | 0.0            | -5.386379 | 
1461    | 0.0            | -5.386379 | 
1462    | 0.0            | -5.386379 | 
1463    | 0.0            | -5.386379 | 
1464    | 0.0            | -5.386379 | 
1465    | 0.0            | -5.386379 | 
1466    | 0.0            | -5.386379 | 
1467    | 0.0            | -5.386379 | 
1468    | 0.0            | -5.386379 | 
1469    | 0.0            | -5.386379 | 
1470    | 0.0            | -5.386379 | 
1471    | 0.0            | -5.386379 | 
1472    | 0.0            | -5.386379 | 
1473    | 0.0            | -5.386379 | 
1474    | 0.0            | -5.386379 | 
1475    | 0.0            | -5.386379 | 
1476    | 0.0            | -5.386379 | 
1477    | 0.0            | -5.386379 | 
1478    | 0.0            | -5.386379 | 
1479    | 0.0            | -5.386379 | 
1480    | 0.0            | -5.386379 | 
1481    | 0.0            | -5.386379 | 
1482    | 0.0            | -5.386379 | 
1483    | 0.0            | -5.386379 | 
1484    | 0.0            | -5.386379 | 
1485    | 0.0            | -5.386379 | 
1486    | 0.0            | -5.386379 | 
1487    | 0.0            | -5.386379 | 
1488    | 0.0            | -5.386379 | 
1489    | 0.0            | -5.386379 | 
1490    | 0.0            | -5.386379 | 
1491    | 0.0            | -5.386379 | 
1492    | 0.0            | -5.386379 | 
1493    | 0.0            | -5.386379 | 
1494    | 0.0            | -5.386379 | 
1495    | 0.0            | -5.386379 | 
1496    | 0.0            | -5.386379 | 
1497    | 0.0            | -5.386379 | 
1498    | 0.0            | -5.386379 | 
1499    | 0.0            | -5.386379 | 
1500    | 0.0            | -5.386379 | 
--------------------------------------------------
Finished sucessfully.
ERR@10 on training data: -5.386379163185535E212
---------------------------------

Model saved to: ../result/1/listnet.model
